Using pre-set license
Built from '2020.3/release' branch; Version is '2020.3.2f1 (8fd9074bf66c) revision 9427207'; Using compiler version '192528614'; Build Type 'Release'
OS: 'Windows 10 Pro; OS build 19042.928; Version 2009; 64bit' Language: 'en' Physical Memory: 16333 MB
BatchMode: 1, IsHumanControllingUs: 0, StartBugReporterOnCrash: 0, Is64bit: 1, IsPro: 0

 COMMAND LINE ARGUMENTS:
D:\Unity\Unity Hub\2020.3.2f1\Editor\Unity.exe
-adb2
-batchMode
-noUpm
-name
AssetImportWorker0
-projectPath
D:/Unity Projects/CSDS-290-Final-Game
-logFile
Logs/AssetImportWorker0.log
-srvPort
64379
Successfully changed project path to: D:/Unity Projects/CSDS-290-Final-Game
D:/Unity Projects/CSDS-290-Final-Game
Using Asset Import Pipeline V2.
Refreshing native plugins compatible for Editor in 59.87 ms, found 0 plugins.
Preloading 0 native plugins for Editor in 0.00 ms.
Initialize engine version: 2020.3.2f1 (8fd9074bf66c)
[Subsystems] Discovering subsystems at path D:/Unity/Unity Hub/2020.3.2f1/Editor/Data/Resources/UnitySubsystems
[Subsystems] Discovering subsystems at path D:/Unity Projects/CSDS-290-Final-Game/Assets
GfxDevice: creating device client; threaded=0
Direct3D:
    Version:  Direct3D 11.0 [level 11.1]
    Renderer: NVIDIA GeForce RTX 2070 SUPER (ID=0x1e84)
    Vendor:   
    VRAM:     8011 MB
    Driver:   27.21.14.6611
Initialize mono
Mono path[0] = 'D:/Unity/Unity Hub/2020.3.2f1/Editor/Data/Managed'
Mono path[1] = 'D:/Unity/Unity Hub/2020.3.2f1/Editor/Data/MonoBleedingEdge/lib/mono/unityjit'
Mono config path = 'D:/Unity/Unity Hub/2020.3.2f1/Editor/Data/MonoBleedingEdge/etc'
Using monoOptions --debugger-agent=transport=dt_socket,embedding=1,server=y,suspend=n,address=127.0.0.1:56552
Begin MonoManager ReloadAssembly
Registering precompiled unity dll's ...
Register platform support module: D:/Unity/Unity Hub/2020.3.2f1/Editor/Data/PlaybackEngines/WindowsStandaloneSupport/UnityEditor.WindowsStandalone.Extensions.dll
Registered in 0.000961 seconds.
Native extension for WindowsStandalone target not found
Refreshing native plugins compatible for Editor in 48.82 ms, found 0 plugins.
Preloading 0 native plugins for Editor in 0.00 ms.
Unable to find bridge dll in registry for Microsoft Visual Studio Tools for Unity for C:/Program Files (x86)/Microsoft Visual Studio/2019/Community/Common7/IDE/devenv.exe
Invoked RoslynAnalysisRunner static constructor.
RoslynAnalysisRunner will not be running.
RoslynAnalysisRunner has terminated.
Mono: successfully reloaded assembly
- Completed reload, in  0.870 seconds
Platform modules already initialized, skipping
Registering precompiled user dll's ...
Registered in 0.000581 seconds.
Begin MonoManager ReloadAssembly
Native extension for WindowsStandalone target not found
Refreshing native plugins compatible for Editor in 0.55 ms, found 0 plugins.
Preloading 0 native plugins for Editor in 0.00 ms.
Invoked RoslynAnalysisRunner static constructor.
RoslynAnalysisRunner will not be running.
RoslynAnalysisRunner has terminated.
Mono: successfully reloaded assembly
- Completed reload, in  0.693 seconds
Platform modules already initialized, skipping
========================================================================
Worker process is ready to serve import requests
Launched and connected shader compiler UnityShaderCompiler.exe after 0.05 seconds
Refreshing native plugins compatible for Editor in 0.54 ms, found 0 plugins.
Preloading 0 native plugins for Editor in 0.00 ms.
Unloading 2221 Unused Serialized files (Serialized files now loaded: 0)
System memory in use before: 120.0 MB.
System memory in use after: 120.0 MB.

Unloading 16 unused Assets to reduce memory usage. Loaded Objects now: 2667.
Total: 1.947500 ms (FindLiveObjects: 0.226000 ms CreateObjectMapping: 0.049500 ms MarkObjects: 1.552800 ms  DeleteObjects: 0.118400 ms)

========================================================================
Received Import Request.
  path: Assets/3DGamekit/Readme.asset
  artifactKey: Guid(83c2ed844a8c74b779a4c823d16594b1) Importer(815301076,1909f56bfc062723c751e8b465ee728b)
Start importing Assets/3DGamekit/Readme.asset using Guid(83c2ed844a8c74b779a4c823d16594b1) Importer(815301076,1909f56bfc062723c751e8b465ee728b)  -> (artifact id: '8a5a03a4a93cf8053d97c8eb5c8dab79') in 0.044603 seconds
  Import took 0.047647 seconds .

========================================================================
Received Import Request.
  Time since last request: 424.567500 seconds.
  path: Assets/3DGamekit/Scripts
  artifactKey: Guid(01c6eded0ea297c488619dbdbc225fe7) Importer(815301076,1909f56bfc062723c751e8b465ee728b)
Start importing Assets/3DGamekit/Scripts using Guid(01c6eded0ea297c488619dbdbc225fe7) Importer(815301076,1909f56bfc062723c751e8b465ee728b)  -> (artifact id: '4f042577be039f99d28881138da6cdfc') in 0.006751 seconds
  Import took 0.009957 seconds .

========================================================================
Received Import Request.
  Time since last request: 0.035409 seconds.
  path: Assets/3DGamekit/Scripts
  artifactKey: Guid(01c6eded0ea297c488619dbdbc225fe7) Importer(815301076,1909f56bfc062723c751e8b465ee728b)
Start importing Assets/3DGamekit/Scripts using Guid(01c6eded0ea297c488619dbdbc225fe7) Importer(815301076,1909f56bfc062723c751e8b465ee728b)  -> (artifact id: '4f042577be039f99d28881138da6cdfc') in 0.001606 seconds
  Import took 0.004544 seconds .

========================================================================
Received Import Request.
  Time since last request: 2.085866 seconds.
  path: Assets/3DGamekit/Scripts/Scripts
  artifactKey: Guid(fd5d5bc83185c4ad4ab63f94a3a835a0) Importer(815301076,1909f56bfc062723c751e8b465ee728b)
Start importing Assets/3DGamekit/Scripts/Scripts using Guid(fd5d5bc83185c4ad4ab63f94a3a835a0) Importer(815301076,1909f56bfc062723c751e8b465ee728b)  -> (artifact id: 'dfb22d7f4e29933437b62dc0d64191cc') in 0.001553 seconds
  Import took 0.004490 seconds .

========================================================================
Received Import Request.
  Time since last request: 12.686315 seconds.
  path: Assets/3DGamekit/Scripts/Scripts/HelloWorld.cs
  artifactKey: Guid(deee574892f9e5b4babc2a369852a63a) Importer(815301076,1909f56bfc062723c751e8b465ee728b)
Start importing Assets/3DGamekit/Scripts/Scripts/HelloWorld.cs using Guid(deee574892f9e5b4babc2a369852a63a) Importer(815301076,1909f56bfc062723c751e8b465ee728b)  -> (artifact id: '007e11c99c35558c2587119180d1bbce') in 0.011551 seconds
  Import took 0.014589 seconds .

========================================================================
Received Prepare
Registering precompiled user dll's ...
Registered in 0.000855 seconds.
Begin MonoManager ReloadAssembly
Native extension for WindowsStandalone target not found
Refreshing native plugins compatible for Editor in 0.56 ms, found 0 plugins.
Preloading 0 native plugins for Editor in 0.00 ms.
Invoked RoslynAnalysisRunner static constructor.
RoslynAnalysisRunner will not be running.
RoslynAnalysisRunner has terminated.
Mono: successfully reloaded assembly
- Completed reload, in  0.656 seconds
Platform modules already initialized, skipping
Refreshing native plugins compatible for Editor in 0.56 ms, found 0 plugins.
Preloading 0 native plugins for Editor in 0.00 ms.
Unloading 2125 Unused Serialized files (Serialized files now loaded: 0)
System memory in use before: 110.9 MB.
System memory in use after: 111.0 MB.

Unloading 7 unused Assets to reduce memory usage. Loaded Objects now: 2672.
Total: 1.770900 ms (FindLiveObjects: 0.213700 ms CreateObjectMapping: 0.048600 ms MarkObjects: 1.427400 ms  DeleteObjects: 0.079700 ms)

========================================================================
Received Prepare
Registering precompiled user dll's ...
Registered in 0.000822 seconds.
Begin MonoManager ReloadAssembly
Native extension for WindowsStandalone target not found
Refreshing native plugins compatible for Editor in 0.55 ms, found 0 plugins.
Preloading 0 native plugins for Editor in 0.00 ms.
Invoked RoslynAnalysisRunner static constructor.
RoslynAnalysisRunner will not be running.
RoslynAnalysisRunner has terminated.
Mono: successfully reloaded assembly
- Completed reload, in  0.645 seconds
Platform modules already initialized, skipping
Refreshing native plugins compatible for Editor in 0.56 ms, found 0 plugins.
Preloading 0 native plugins for Editor in 0.00 ms.
Unloading 2124 Unused Serialized files (Serialized files now loaded: 0)
System memory in use before: 110.9 MB.
System memory in use after: 111.0 MB.

Unloading 7 unused Assets to reduce memory usage. Loaded Objects now: 2675.
Total: 1.648900 ms (FindLiveObjects: 0.197500 ms CreateObjectMapping: 0.046400 ms MarkObjects: 1.331400 ms  DeleteObjects: 0.072900 ms)

========================================================================
Received Import Request.
  Time since last request: 187.701859 seconds.
  path: Assets/3DGamekit/Scripts/Scripts/HelloWorld.cs
  artifactKey: Guid(deee574892f9e5b4babc2a369852a63a) Importer(815301076,1909f56bfc062723c751e8b465ee728b)
Start importing Assets/3DGamekit/Scripts/Scripts/HelloWorld.cs using Guid(deee574892f9e5b4babc2a369852a63a) Importer(815301076,1909f56bfc062723c751e8b465ee728b)  -> (artifact id: '1aaa94cb4864bc7b71ebab68cacd2ee8') in 0.003938 seconds
  Import took 0.006953 seconds .

